2018-09-10 21:26:16.433 [main] INFO  com.river.weibo.WebApplication - Starting WebApplication on DESKTOP-9876C49 with PID 12404 (F:\projects\vue\weibo\web\target\classes started by River in F:\projects\vue\weibo)
2018-09-10 21:26:16.441 [main] DEBUG com.river.weibo.WebApplication - Running with Spring Boot v1.5.7.RELEASE, Spring v4.3.11.RELEASE
2018-09-10 21:26:16.442 [main] INFO  com.river.weibo.WebApplication - No active profile set, falling back to default profiles: default
2018-09-10 21:26:16.897 [background-preinit] INFO  org.hibernate.validator.internal.util.Version - HV000001: Hibernate Validator 5.3.5.Final
2018-09-10 21:26:17.030 [main] INFO  o.s.b.c.e.AnnotationConfigEmbeddedWebApplicationContext - Refreshing org.springframework.boot.context.embedded.AnnotationConfigEmbeddedWebApplicationContext@3f9342d4: startup date [Mon Sep 10 21:26:17 CST 2018]; root of context hierarchy
2018-09-10 21:26:19.270 [main] INFO  o.s.b.c.e.tomcat.TomcatEmbeddedServletContainer - Tomcat initialized with port(s): 8088 (http)
2018-09-10 21:26:19.286 [main] INFO  org.apache.catalina.core.StandardService - Starting service [Tomcat]
2018-09-10 21:26:19.287 [main] INFO  org.apache.catalina.core.StandardEngine - Starting Servlet Engine: Apache Tomcat/8.5.20
2018-09-10 21:26:19.455 [localhost-startStop-1] INFO  o.a.c.core.ContainerBase.[Tomcat].[localhost].[/] - Initializing Spring embedded WebApplicationContext
2018-09-10 21:26:19.455 [localhost-startStop-1] INFO  org.springframework.web.context.ContextLoader - Root WebApplicationContext: initialization completed in 2426 ms
2018-09-10 21:26:19.732 [localhost-startStop-1] INFO  o.s.boot.web.servlet.ServletRegistrationBean - Mapping servlet: 'dispatcherServlet' to [/]
2018-09-10 21:26:19.742 [localhost-startStop-1] INFO  o.s.boot.web.servlet.FilterRegistrationBean - Mapping filter: 'characterEncodingFilter' to: [/*]
2018-09-10 21:26:19.743 [localhost-startStop-1] INFO  o.s.boot.web.servlet.FilterRegistrationBean - Mapping filter: 'hiddenHttpMethodFilter' to: [/*]
2018-09-10 21:26:19.744 [localhost-startStop-1] INFO  o.s.boot.web.servlet.FilterRegistrationBean - Mapping filter: 'httpPutFormContentFilter' to: [/*]
2018-09-10 21:26:19.744 [localhost-startStop-1] INFO  o.s.boot.web.servlet.FilterRegistrationBean - Mapping filter: 'requestContextFilter' to: [/*]
2018-09-10 21:26:21.028 [main] INFO  o.s.w.s.m.m.a.RequestMappingHandlerAdapter - Looking for @ControllerAdvice: org.springframework.boot.context.embedded.AnnotationConfigEmbeddedWebApplicationContext@3f9342d4: startup date [Mon Sep 10 21:26:17 CST 2018]; root of context hierarchy
2018-09-10 21:26:21.135 [main] INFO  o.s.w.s.m.m.a.RequestMappingHandlerMapping - Mapped "{[/getList],methods=[GET]}" onto public com.river.weibo.common.vo.ResponseVO com.river.weibo.controller.WeiboController.getList(com.river.weibo.common.vo.PageInfoVO)
2018-09-10 21:26:21.136 [main] INFO  o.s.w.s.m.m.a.RequestMappingHandlerMapping - Mapped "{[/weibo],methods=[GET]}" onto public java.lang.String com.river.weibo.controller.WeiboController.weibo()
2018-09-10 21:26:21.140 [main] INFO  o.s.w.s.m.m.a.RequestMappingHandlerMapping - Mapped "{[/error]}" onto public org.springframework.http.ResponseEntity<java.util.Map<java.lang.String, java.lang.Object>> org.springframework.boot.autoconfigure.web.BasicErrorController.error(javax.servlet.http.HttpServletRequest)
2018-09-10 21:26:21.140 [main] INFO  o.s.w.s.m.m.a.RequestMappingHandlerMapping - Mapped "{[/error],produces=[text/html]}" onto public org.springframework.web.servlet.ModelAndView org.springframework.boot.autoconfigure.web.BasicErrorController.errorHtml(javax.servlet.http.HttpServletRequest,javax.servlet.http.HttpServletResponse)
2018-09-10 21:26:21.210 [main] INFO  o.s.web.servlet.handler.SimpleUrlHandlerMapping - Mapped URL path [/webjars/**] onto handler of type [class org.springframework.web.servlet.resource.ResourceHttpRequestHandler]
2018-09-10 21:26:21.210 [main] INFO  o.s.web.servlet.handler.SimpleUrlHandlerMapping - Mapped URL path [/**] onto handler of type [class org.springframework.web.servlet.resource.ResourceHttpRequestHandler]
2018-09-10 21:26:21.290 [main] INFO  o.s.web.servlet.handler.SimpleUrlHandlerMapping - Mapped URL path [/**/favicon.ico] onto handler of type [class org.springframework.web.servlet.resource.ResourceHttpRequestHandler]
2018-09-10 21:26:22.565 [main] INFO  o.s.jmx.export.annotation.AnnotationMBeanExporter - Registering beans for JMX exposure on startup
2018-09-10 21:26:22.604 [main] INFO  org.apache.coyote.http11.Http11NioProtocol - Initializing ProtocolHandler ["http-nio-8088"]
2018-09-10 21:26:22.623 [main] INFO  org.apache.coyote.http11.Http11NioProtocol - Starting ProtocolHandler ["http-nio-8088"]
2018-09-10 21:26:22.649 [main] INFO  org.apache.tomcat.util.net.NioSelectorPool - Using a shared selector for servlet write/read
2018-09-10 21:26:22.682 [main] INFO  o.s.b.c.e.tomcat.TomcatEmbeddedServletContainer - Tomcat started on port(s): 8088 (http)
2018-09-10 21:26:22.689 [main] INFO  com.river.weibo.WebApplication - Started WebApplication in 7.699 seconds (JVM running for 9.485)
2018-09-10 21:26:26.112 [http-nio-8088-exec-2] INFO  o.a.c.core.ContainerBase.[Tomcat].[localhost].[/] - Initializing Spring FrameworkServlet 'dispatcherServlet'
2018-09-10 21:26:26.112 [http-nio-8088-exec-2] INFO  org.springframework.web.servlet.DispatcherServlet - FrameworkServlet 'dispatcherServlet': initialization started
2018-09-10 21:26:26.141 [http-nio-8088-exec-2] INFO  org.springframework.web.servlet.DispatcherServlet - FrameworkServlet 'dispatcherServlet': initialization completed in 29 ms
2018-09-10 21:26:26.185 [http-nio-8088-exec-2] DEBUG com.river.weibo.controller.WeiboController - debug msg
2018-09-10 21:26:26.186 [http-nio-8088-exec-2] INFO  com.river.weibo.controller.WeiboController - debug msg
2018-09-10 21:26:26.549 [http-nio-8088-exec-2] DEBUG com.river.weibo.dao.mapper.WeiboMapper.list - ==>  Preparing: select id, content, acc, ref, time, deleted FROM t_weibo ORDER BY id desc limit ?,? 
2018-09-10 21:26:26.572 [http-nio-8088-exec-2] DEBUG com.river.weibo.dao.mapper.WeiboMapper.list - ==> Parameters: 0(Integer), 10(Integer)
2018-09-10 21:26:26.590 [http-nio-8088-exec-2] DEBUG com.river.weibo.dao.mapper.WeiboMapper.list - <==      Total: 1
2018-09-10 21:27:26.728 [main] INFO  com.river.weibo.WebApplication - Starting WebApplication on DESKTOP-9876C49 with PID 19244 (F:\projects\vue\weibo\web\target\classes started by River in F:\projects\vue\weibo)
2018-09-10 21:27:26.750 [main] DEBUG com.river.weibo.WebApplication - Running with Spring Boot v1.5.7.RELEASE, Spring v4.3.11.RELEASE
2018-09-10 21:27:26.751 [main] INFO  com.river.weibo.WebApplication - No active profile set, falling back to default profiles: default
2018-09-10 21:27:27.214 [background-preinit] INFO  org.hibernate.validator.internal.util.Version - HV000001: Hibernate Validator 5.3.5.Final
2018-09-10 21:27:27.373 [main] INFO  o.s.b.c.e.AnnotationConfigEmbeddedWebApplicationContext - Refreshing org.springframework.boot.context.embedded.AnnotationConfigEmbeddedWebApplicationContext@d62fe5b: startup date [Mon Sep 10 21:27:27 CST 2018]; root of context hierarchy
2018-09-10 21:27:29.590 [main] INFO  o.s.b.c.e.tomcat.TomcatEmbeddedServletContainer - Tomcat initialized with port(s): 8088 (http)
2018-09-10 21:27:29.605 [main] INFO  org.apache.catalina.core.StandardService - Starting service [Tomcat]
2018-09-10 21:27:29.606 [main] INFO  org.apache.catalina.core.StandardEngine - Starting Servlet Engine: Apache Tomcat/8.5.20
2018-09-10 21:27:29.764 [localhost-startStop-1] INFO  o.a.c.core.ContainerBase.[Tomcat].[localhost].[/] - Initializing Spring embedded WebApplicationContext
2018-09-10 21:27:29.764 [localhost-startStop-1] INFO  org.springframework.web.context.ContextLoader - Root WebApplicationContext: initialization completed in 2391 ms
2018-09-10 21:27:30.026 [localhost-startStop-1] INFO  o.s.boot.web.servlet.ServletRegistrationBean - Mapping servlet: 'dispatcherServlet' to [/]
2018-09-10 21:27:30.038 [localhost-startStop-1] INFO  o.s.boot.web.servlet.FilterRegistrationBean - Mapping filter: 'characterEncodingFilter' to: [/*]
2018-09-10 21:27:30.039 [localhost-startStop-1] INFO  o.s.boot.web.servlet.FilterRegistrationBean - Mapping filter: 'hiddenHttpMethodFilter' to: [/*]
2018-09-10 21:27:30.040 [localhost-startStop-1] INFO  o.s.boot.web.servlet.FilterRegistrationBean - Mapping filter: 'httpPutFormContentFilter' to: [/*]
2018-09-10 21:27:30.040 [localhost-startStop-1] INFO  o.s.boot.web.servlet.FilterRegistrationBean - Mapping filter: 'requestContextFilter' to: [/*]
2018-09-10 21:27:31.252 [main] INFO  o.s.w.s.m.m.a.RequestMappingHandlerAdapter - Looking for @ControllerAdvice: org.springframework.boot.context.embedded.AnnotationConfigEmbeddedWebApplicationContext@d62fe5b: startup date [Mon Sep 10 21:27:27 CST 2018]; root of context hierarchy
2018-09-10 21:27:31.349 [main] INFO  o.s.w.s.m.m.a.RequestMappingHandlerMapping - Mapped "{[/weibo],methods=[GET]}" onto public java.lang.String com.river.weibo.controller.WeiboController.weibo()
2018-09-10 21:27:31.352 [main] INFO  o.s.w.s.m.m.a.RequestMappingHandlerMapping - Mapped "{[/getList],methods=[GET]}" onto public com.river.weibo.common.vo.ResponseVO com.river.weibo.controller.WeiboController.getList(com.river.weibo.common.vo.PageInfoVO)
2018-09-10 21:27:31.356 [main] INFO  o.s.w.s.m.m.a.RequestMappingHandlerMapping - Mapped "{[/error]}" onto public org.springframework.http.ResponseEntity<java.util.Map<java.lang.String, java.lang.Object>> org.springframework.boot.autoconfigure.web.BasicErrorController.error(javax.servlet.http.HttpServletRequest)
2018-09-10 21:27:31.357 [main] INFO  o.s.w.s.m.m.a.RequestMappingHandlerMapping - Mapped "{[/error],produces=[text/html]}" onto public org.springframework.web.servlet.ModelAndView org.springframework.boot.autoconfigure.web.BasicErrorController.errorHtml(javax.servlet.http.HttpServletRequest,javax.servlet.http.HttpServletResponse)
2018-09-10 21:27:31.420 [main] INFO  o.s.web.servlet.handler.SimpleUrlHandlerMapping - Mapped URL path [/webjars/**] onto handler of type [class org.springframework.web.servlet.resource.ResourceHttpRequestHandler]
2018-09-10 21:27:31.420 [main] INFO  o.s.web.servlet.handler.SimpleUrlHandlerMapping - Mapped URL path [/**] onto handler of type [class org.springframework.web.servlet.resource.ResourceHttpRequestHandler]
2018-09-10 21:27:31.499 [main] INFO  o.s.web.servlet.handler.SimpleUrlHandlerMapping - Mapped URL path [/**/favicon.ico] onto handler of type [class org.springframework.web.servlet.resource.ResourceHttpRequestHandler]
2018-09-10 21:27:32.596 [main] INFO  o.s.jmx.export.annotation.AnnotationMBeanExporter - Registering beans for JMX exposure on startup
2018-09-10 21:27:32.625 [main] INFO  org.apache.coyote.http11.Http11NioProtocol - Initializing ProtocolHandler ["http-nio-8088"]
2018-09-10 21:27:32.644 [main] INFO  org.apache.coyote.http11.Http11NioProtocol - Starting ProtocolHandler ["http-nio-8088"]
2018-09-10 21:27:32.666 [main] INFO  org.apache.tomcat.util.net.NioSelectorPool - Using a shared selector for servlet write/read
2018-09-10 21:27:32.695 [main] INFO  o.s.b.c.e.tomcat.TomcatEmbeddedServletContainer - Tomcat started on port(s): 8088 (http)
2018-09-10 21:27:32.703 [main] INFO  com.river.weibo.WebApplication - Started WebApplication in 7.168 seconds (JVM running for 8.78)
2018-09-10 21:27:37.369 [http-nio-8088-exec-1] INFO  o.a.c.core.ContainerBase.[Tomcat].[localhost].[/] - Initializing Spring FrameworkServlet 'dispatcherServlet'
2018-09-10 21:27:37.370 [http-nio-8088-exec-1] INFO  org.springframework.web.servlet.DispatcherServlet - FrameworkServlet 'dispatcherServlet': initialization started
2018-09-10 21:27:37.400 [http-nio-8088-exec-1] INFO  org.springframework.web.servlet.DispatcherServlet - FrameworkServlet 'dispatcherServlet': initialization completed in 30 ms
2018-09-10 21:27:37.445 [http-nio-8088-exec-1] DEBUG com.river.weibo.controller.WeiboController - debug msg
2018-09-10 21:27:37.446 [http-nio-8088-exec-1] INFO  com.river.weibo.controller.WeiboController - info msg
2018-09-10 21:27:37.807 [http-nio-8088-exec-1] DEBUG com.river.weibo.dao.mapper.WeiboMapper.list - ==>  Preparing: select id, content, acc, ref, time, deleted FROM t_weibo ORDER BY id desc limit ?,? 
2018-09-10 21:27:37.831 [http-nio-8088-exec-1] DEBUG com.river.weibo.dao.mapper.WeiboMapper.list - ==> Parameters: 0(Integer), 10(Integer)
2018-09-10 21:27:37.845 [http-nio-8088-exec-1] DEBUG com.river.weibo.dao.mapper.WeiboMapper.list - <==      Total: 1
